2025-06-21 10:18:33,844 [INFO] Sent temperature: 65.5 °C
2025-06-21 10:18:33,845 [WARNING] \u26a0\ufe0f Thermal fault: 65.5 °C
2025-06-21 10:18:34,258 [INFO] Sent temperature: 59.9 °C
2025-06-21 10:18:34,258 [INFO] Temperature OK: 59.9 °C
2025-06-21 10:18:34,664 [INFO] Sent temperature: 22.5 °C
2025-06-21 10:18:34,665 [INFO] Temperature OK: 22.5 °C
2025-06-21 10:18:35,070 [INFO] Sent temperature: 22.5 °C
2025-06-21 10:18:35,071 [INFO] Temperature OK: 22.5 °C
2025-06-21 10:18:35,475 [INFO] Sent temperature: 22.5 °C
2025-06-21 10:18:35,476 [INFO] Temperature OK: 22.5 °C
2025-06-21 10:18:35,885 [INFO] Sent temperature: 22.5 °C
2025-06-21 10:18:35,887 [INFO] Temperature OK: 22.5 °C
2025-06-21 10:18:36,291 [INFO] Sent temperature: 22.5 °C
2025-06-21 10:18:36,293 [INFO] Temperature OK: 22.5 °C
2025-06-21 10:18:36,698 [INFO] Sent temperature: 22.5 °C
2025-06-21 10:18:36,699 [INFO] Temperature OK: 22.5 °C
2025-06-21 10:18:37,104 [INFO] Sent temperature: -5.0 °C
2025-06-21 10:18:37,105 [WARNING] \u26a0\ufe0f Thermal fault: -5.0 °C
2025-06-21 10:18:37,511 [INFO] Sent temperature: 22.5 °C
2025-06-21 10:18:37,512 [INFO] Temperature OK: 22.5 °C
2025-06-21 10:18:37,921 [INFO] Sent temperature: -5.0 °C
2025-06-21 10:18:37,922 [WARNING] \u26a0\ufe0f Thermal fault: -5.0 °C
2025-06-21 10:18:38,331 [INFO] Sent temperature: 59.9 °C
2025-06-21 10:18:38,331 [INFO] Temperature OK: 59.9 °C
2025-06-21 20:27:50,007 [INFO] Sent temperature: 22.5 °C
2025-06-21 20:27:50,009 [INFO] Temperature OK: 22.5 °C
2025-06-21 20:27:50,412 [INFO] Sent temperature: 22.5 °C
2025-06-21 20:27:50,412 [INFO] Temperature OK: 22.5 °C
2025-06-21 20:27:50,816 [INFO] Sent temperature: 22.5 °C
2025-06-21 20:27:50,817 [INFO] Temperature OK: 22.5 °C
2025-06-21 20:27:51,206 [INFO] Sent temperature: 35.0 °C
2025-06-21 20:27:51,207 [INFO] Temperature OK: 35.0 °C
2025-06-21 20:27:51,594 [INFO] Sent temperature: -5.0 °C
2025-06-21 20:27:51,595 [WARNING] Thermal fault: -5.0 °C
2025-06-21 20:27:52,011 [INFO] Sent temperature: 59.9 °C
2025-06-21 20:27:52,012 [INFO] Temperature OK: 59.9 °C
2025-06-21 20:27:52,429 [INFO] Sent temperature: 59.9 °C
2025-06-21 20:27:52,430 [INFO] Temperature OK: 59.9 °C
2025-06-21 20:27:52,836 [INFO] Sent temperature: -5.0 °C
2025-06-21 20:27:52,837 [WARNING] Thermal fault: -5.0 °C
2025-06-21 20:27:53,242 [INFO] Sent temperature: 35.0 °C
2025-06-21 20:27:53,244 [INFO] Temperature OK: 35.0 °C
2025-06-21 20:27:53,649 [INFO] Sent temperature: 65.5 °C
2025-06-21 20:27:53,650 [WARNING] Thermal fault: 65.5 °C
2025-06-21 20:27:54,055 [INFO] Sent temperature: 35.0 °C
2025-06-21 20:27:54,056 [INFO] Temperature OK: 35.0 °C
2025-06-21 20:27:54,460 [INFO] Sent temperature: -5.0 °C
2025-06-21 20:27:54,464 [WARNING] Thermal fault: -5.0 °C
